==00:00:00:00.000 17328== Memcheck, a memory error detector
==00:00:00:00.000 17328== Copyright (C) 2002-2011, and GNU GPL'd, by Julian Seward et al.
==00:00:00:00.000 17328== Using Valgrind-3.7.0 and LibVEX; rerun with -h for copyright info
==00:00:00:00.000 17328== Command: ./a.out
==00:00:00:00.000 17328== Parent PID: 16799
==00:00:00:00.000 17328== 
==00:00:00:00.883 17328== 
==00:00:00:00.883 17328== HEAP SUMMARY:
==00:00:00:00.883 17328==     in use at exit: 12 bytes in 1 blocks
==00:00:00:00.883 17328==   total heap usage: 2 allocs, 1 frees, 364 bytes allocated
==00:00:00:00.883 17328== 
==00:00:00:00.884 17328== 12 bytes in 1 blocks are definitely lost in loss record 1 of 1
==00:00:00:00.884 17328==    at 0x4028308: malloc (vg_replace_malloc.c:263)
==00:00:00:00.884 17328==    by 0x8048460: main (main.c:9)
==00:00:00:00.884 17328== 
==00:00:00:00.884 17328== LEAK SUMMARY:
==00:00:00:00.884 17328==    definitely lost: 12 bytes in 1 blocks
==00:00:00:00.884 17328==    indirectly lost: 0 bytes in 0 blocks
==00:00:00:00.884 17328==      possibly lost: 0 bytes in 0 blocks
==00:00:00:00.884 17328==    still reachable: 0 bytes in 0 blocks
==00:00:00:00.884 17328==         suppressed: 0 bytes in 0 blocks
==00:00:00:00.884 17328== 
==00:00:00:00.884 17328== For counts of detected and suppressed errors, rerun with: -v
==00:00:00:00.884 17328== ERROR SUMMARY: 1 errors from 1 contexts (suppressed: 11 from 6)
